[37] Log opened at 2025-09-27 13:55:49.995907
[37] [Config] WARN: Not setting up control socket with default value due to unavailable 'tsc' clock
[37] Log closed at 2025-09-27 13:55:50.020718

[66] Log opened at 2025-09-27 13:56:25.963304
[66] [Config] WARN: Not setting up control socket with default value due to unavailable 'tsc' clock
[66] [Step Debug] INFO: Connecting to configured address/port: host.docker.internal:9001.
[66] [Step Debug] WARN: Creating socket for 'host.docker.internal:9001', poll success, but error: Operation now in progress (29).
[66] [Step Debug] ERR: Could not connect to debugging client. Tried: host.docker.internal:9001 (through xdebug.client_host/xdebug.client_port).
[66] [Step Debug] INFO: Connecting to configured address/port: host.docker.internal:9001.
[66] [Step Debug] WARN: Creating socket for 'host.docker.internal:9001', poll success, but error: Operation now in progress (29).
[66] [Step Debug] ERR: Could not connect to debugging client. Tried: host.docker.internal:9001 (through xdebug.client_host/xdebug.client_port).
[66] [Step Debug] INFO: Connecting to configured address/port: host.docker.internal:9001.
[66] [Step Debug] WARN: Creating socket for 'host.docker.internal:9001', poll success, but error: Operation now in progress (29).
[66] [Step Debug] ERR: Could not connect to debugging client. Tried: host.docker.internal:9001 (through xdebug.client_host/xdebug.client_port).
[66] Log closed at 2025-09-27 13:56:26.497634

[215] Log opened at 2025-09-27 17:13:02.227200
[215] [Config] WARN: Not setting up control socket with default value due to unavailable 'tsc' clock
[215] [Step Debug] INFO: Connecting to configured address/port: host.docker.internal:9001.
[215] [Step Debug] WARN: Creating socket for 'host.docker.internal:9001', poll success, but error: Operation now in progress (29).
[215] [Step Debug] ERR: Could not connect to debugging client. Tried: host.docker.internal:9001 (through xdebug.client_host/xdebug.client_port).
[215] [Step Debug] INFO: Connecting to configured address/port: host.docker.internal:9001.
[215] [Step Debug] WARN: Creating socket for 'host.docker.internal:9001', poll success, but error: Operation now in progress (29).
[215] [Step Debug] ERR: Could not connect to debugging client. Tried: host.docker.internal:9001 (through xdebug.client_host/xdebug.client_port).
[215] [Step Debug] INFO: Connecting to configured address/port: host.docker.internal:9001.
[215] [Step Debug] WARN: Creating socket for 'host.docker.internal:9001', poll success, but error: Operation now in progress (29).
[215] [Step Debug] ERR: Could not connect to debugging client. Tried: host.docker.internal:9001 (through xdebug.client_host/xdebug.client_port).
[215] Log closed at 2025-09-27 17:13:04.141541

[95] Log opened at 2025-09-27 17:13:12.506720
[95] [Config] WARN: Not setting up control socket with default value due to unavailable 'tsc' clock
[95] [Step Debug] INFO: Connecting to configured address/port: host.docker.internal:9001.
[95] [Step Debug] WARN: Creating socket for 'host.docker.internal:9001', poll success, but error: Operation now in progress (29).
[95] [Step Debug] ERR: Could not connect to debugging client. Tried: host.docker.internal:9001 (through xdebug.client_host/xdebug.client_port).
[95] [Step Debug] INFO: Connecting to configured address/port: host.docker.internal:9001.
[95] [Step Debug] WARN: Creating socket for 'host.docker.internal:9001', poll success, but error: Operation now in progress (29).
[95] [Step Debug] ERR: Could not connect to debugging client. Tried: host.docker.internal:9001 (through xdebug.client_host/xdebug.client_port).
[95] [Step Debug] INFO: Connecting to configured address/port: host.docker.internal:9001.
[95] [Step Debug] WARN: Creating socket for 'host.docker.internal:9001', poll success, but error: Operation now in progress (29).
[95] [Step Debug] ERR: Could not connect to debugging client. Tried: host.docker.internal:9001 (through xdebug.client_host/xdebug.client_port).
[95] Log closed at 2025-09-27 17:13:12.965170

[96] Log opened at 2025-09-27 17:13:19.362128
[96] [Config] WARN: Not setting up control socket with default value due to unavailable 'tsc' clock
[96] [Step Debug] INFO: Connecting to configured address/port: host.docker.internal:9001.
[96] [Step Debug] WARN: Creating socket for 'host.docker.internal:9001', poll success, but error: Operation now in progress (29).
[96] [Step Debug] ERR: Could not connect to debugging client. Tried: host.docker.internal:9001 (through xdebug.client_host/xdebug.client_port).
[96] [Step Debug] INFO: Connecting to configured address/port: host.docker.internal:9001.
[96] [Step Debug] WARN: Creating socket for 'host.docker.internal:9001', poll success, but error: Operation now in progress (29).
[96] [Step Debug] ERR: Could not connect to debugging client. Tried: host.docker.internal:9001 (through xdebug.client_host/xdebug.client_port).
[96] [Step Debug] INFO: Connecting to configured address/port: host.docker.internal:9001.
[96] [Step Debug] WARN: Creating socket for 'host.docker.internal:9001', poll success, but error: Operation now in progress (29).
[96] [Step Debug] ERR: Could not connect to debugging client. Tried: host.docker.internal:9001 (through xdebug.client_host/xdebug.client_port).
[96] Log closed at 2025-09-27 17:13:19.817923

[95] Log opened at 2025-09-27 17:13:27.869071
[95] [Step Debug] INFO: Connecting to configured address/port: host.docker.internal:9001.
[95] [Step Debug] WARN: Creating socket for 'host.docker.internal:9001', poll success, but error: Operation now in progress (29).
[95] [Step Debug] ERR: Could not connect to debugging client. Tried: host.docker.internal:9001 (through xdebug.client_host/xdebug.client_port).
[95] [Step Debug] INFO: Connecting to configured address/port: host.docker.internal:9001.
[95] [Step Debug] WARN: Creating socket for 'host.docker.internal:9001', poll success, but error: Operation now in progress (29).
[95] [Step Debug] ERR: Could not connect to debugging client. Tried: host.docker.internal:9001 (through xdebug.client_host/xdebug.client_port).
[95] [Step Debug] INFO: Connecting to configured address/port: host.docker.internal:9001.
[95] [Step Debug] WARN: Creating socket for 'host.docker.internal:9001', poll success, but error: Operation now in progress (29).
[95] [Step Debug] ERR: Could not connect to debugging client. Tried: host.docker.internal:9001 (through xdebug.client_host/xdebug.client_port).
[95] Log closed at 2025-09-27 17:13:27.972840

[96] Log opened at 2025-09-27 17:13:28.124658
[96] [Step Debug] INFO: Connecting to configured address/port: host.docker.internal:9001.
[96] [Step Debug] WARN: Creating socket for 'host.docker.internal:9001', poll success, but error: Operation now in progress (29).
[96] [Step Debug] ERR: Could not connect to debugging client. Tried: host.docker.internal:9001 (through xdebug.client_host/xdebug.client_port).
[96] [Step Debug] INFO: Connecting to configured address/port: host.docker.internal:9001.
[96] [Step Debug] WARN: Creating socket for 'host.docker.internal:9001', poll success, but error: Operation now in progress (29).
[96] [Step Debug] ERR: Could not connect to debugging client. Tried: host.docker.internal:9001 (through xdebug.client_host/xdebug.client_port).
[96] [Step Debug] INFO: Connecting to configured address/port: host.docker.internal:9001.
[96] [Step Debug] WARN: Creating socket for 'host.docker.internal:9001', poll success, but error: Operation now in progress (29).
[96] [Step Debug] ERR: Could not connect to debugging client. Tried: host.docker.internal:9001 (through xdebug.client_host/xdebug.client_port).
[96] Log closed at 2025-09-27 17:13:28.207653

[134] Log opened at 2025-09-27 17:15:12.681287
[134] [Config] WARN: Not setting up control socket with default value due to unavailable 'tsc' clock
[134] [Step Debug] INFO: Connecting to configured address/port: host.docker.internal:9001.
[134] [Step Debug] WARN: Creating socket for 'host.docker.internal:9001', poll success, but error: Operation now in progress (29).
[134] [Step Debug] ERR: Could not connect to debugging client. Tried: host.docker.internal:9001 (through xdebug.client_host/xdebug.client_port).
[134] [Step Debug] INFO: Connecting to configured address/port: host.docker.internal:9001.
[134] [Step Debug] WARN: Creating socket for 'host.docker.internal:9001', poll success, but error: Operation now in progress (29).
[134] [Step Debug] ERR: Could not connect to debugging client. Tried: host.docker.internal:9001 (through xdebug.client_host/xdebug.client_port).
[134] [Step Debug] INFO: Connecting to configured address/port: host.docker.internal:9001.
[134] [Step Debug] WARN: Creating socket for 'host.docker.internal:9001', poll success, but error: Operation now in progress (29).
[134] [Step Debug] ERR: Could not connect to debugging client. Tried: host.docker.internal:9001 (through xdebug.client_host/xdebug.client_port).
[134] Log closed at 2025-09-27 17:15:14.212822

[101] Log opened at 2025-09-27 17:15:18.044431
[101] [Config] WARN: Not setting up control socket with default value due to unavailable 'tsc' clock
[101] [Step Debug] INFO: Connecting to configured address/port: host.docker.internal:9001.
[101] [Step Debug] WARN: Creating socket for 'host.docker.internal:9001', poll success, but error: Operation now in progress (29).
[101] [Step Debug] ERR: Could not connect to debugging client. Tried: host.docker.internal:9001 (through xdebug.client_host/xdebug.client_port).
[101] [Step Debug] INFO: Connecting to configured address/port: host.docker.internal:9001.
[101] [Step Debug] WARN: Creating socket for 'host.docker.internal:9001', poll success, but error: Operation now in progress (29).
[101] [Step Debug] ERR: Could not connect to debugging client. Tried: host.docker.internal:9001 (through xdebug.client_host/xdebug.client_port).
[101] [Step Debug] INFO: Connecting to configured address/port: host.docker.internal:9001.
[101] [Step Debug] WARN: Creating socket for 'host.docker.internal:9001', poll success, but error: Operation now in progress (29).
[101] [Step Debug] ERR: Could not connect to debugging client. Tried: host.docker.internal:9001 (through xdebug.client_host/xdebug.client_port).
[101] Log closed at 2025-09-27 17:15:18.436966

[102] Log opened at 2025-09-27 17:15:18.484136
[102] [Config] WARN: Not setting up control socket with default value due to unavailable 'tsc' clock
[102] [Step Debug] INFO: Connecting to configured address/port: host.docker.internal:9001.
[102] [Step Debug] WARN: Creating socket for 'host.docker.internal:9001', poll success, but error: Operation now in progress (29).
[102] [Step Debug] ERR: Could not connect to debugging client. Tried: host.docker.internal:9001 (through xdebug.client_host/xdebug.client_port).
[102] [Step Debug] INFO: Connecting to configured address/port: host.docker.internal:9001.
[102] [Step Debug] WARN: Creating socket for 'host.docker.internal:9001', poll success, but error: Operation now in progress (29).
[102] [Step Debug] ERR: Could not connect to debugging client. Tried: host.docker.internal:9001 (through xdebug.client_host/xdebug.client_port).
[102] [Step Debug] INFO: Connecting to configured address/port: host.docker.internal:9001.
[102] [Step Debug] WARN: Creating socket for 'host.docker.internal:9001', poll success, but error: Operation now in progress (29).
[102] [Step Debug] ERR: Could not connect to debugging client. Tried: host.docker.internal:9001 (through xdebug.client_host/xdebug.client_port).
[102] Log closed at 2025-09-27 17:15:18.815061

[36] Log opened at 2025-09-27 17:17:23.943144
[36] [Config] WARN: Not setting up control socket with default value due to unavailable 'tsc' clock
[36] Log closed at 2025-09-27 17:17:23.957830

[98] Log opened at 2025-09-27 17:17:39.726216
[98] [Config] WARN: Not setting up control socket with default value due to unavailable 'tsc' clock
[98] [Step Debug] INFO: Connecting to configured address/port: host.docker.internal:9001.
[98] [Step Debug] WARN: Creating socket for 'host.docker.internal:9001', poll success, but error: Operation now in progress (29).
[98] [Step Debug] ERR: Could not connect to debugging client. Tried: host.docker.internal:9001 (through xdebug.client_host/xdebug.client_port).
[98] [Step Debug] INFO: Connecting to configured address/port: host.docker.internal:9001.
[98] [Step Debug] WARN: Creating socket for 'host.docker.internal:9001', poll success, but error: Operation now in progress (29).
[98] [Step Debug] ERR: Could not connect to debugging client. Tried: host.docker.internal:9001 (through xdebug.client_host/xdebug.client_port).
[98] [Step Debug] INFO: Connecting to configured address/port: host.docker.internal:9001.
[98] [Step Debug] WARN: Creating socket for 'host.docker.internal:9001', poll success, but error: Operation now in progress (29).
[98] [Step Debug] ERR: Could not connect to debugging client. Tried: host.docker.internal:9001 (through xdebug.client_host/xdebug.client_port).
[98] Log closed at 2025-09-27 17:17:41.199651

[72] Log opened at 2025-09-27 17:17:44.576219
[72] [Config] WARN: Not setting up control socket with default value due to unavailable 'tsc' clock
[72] [Step Debug] INFO: Connecting to configured address/port: host.docker.internal:9001.
[72] [Step Debug] WARN: Creating socket for 'host.docker.internal:9001', poll success, but error: Operation now in progress (29).
[72] [Step Debug] ERR: Could not connect to debugging client. Tried: host.docker.internal:9001 (through xdebug.client_host/xdebug.client_port).
[72] [Step Debug] INFO: Connecting to configured address/port: host.docker.internal:9001.
[72] [Step Debug] WARN: Creating socket for 'host.docker.internal:9001', poll success, but error: Operation now in progress (29).
[72] [Step Debug] ERR: Could not connect to debugging client. Tried: host.docker.internal:9001 (through xdebug.client_host/xdebug.client_port).
[72] [Step Debug] INFO: Connecting to configured address/port: host.docker.internal:9001.
[72] [Step Debug] WARN: Creating socket for 'host.docker.internal:9001', poll success, but error: Operation now in progress (29).
[72] [Step Debug] ERR: Could not connect to debugging client. Tried: host.docker.internal:9001 (through xdebug.client_host/xdebug.client_port).
[72] Log closed at 2025-09-27 17:17:45.049307

[73] Log opened at 2025-09-27 17:17:45.085561
[73] [Config] WARN: Not setting up control socket with default value due to unavailable 'tsc' clock
[73] [Step Debug] INFO: Connecting to configured address/port: host.docker.internal:9001.
[73] [Step Debug] WARN: Creating socket for 'host.docker.internal:9001', poll success, but error: Operation now in progress (29).
[73] [Step Debug] ERR: Could not connect to debugging client. Tried: host.docker.internal:9001 (through xdebug.client_host/xdebug.client_port).
[73] [Step Debug] INFO: Connecting to configured address/port: host.docker.internal:9001.
[73] [Step Debug] WARN: Creating socket for 'host.docker.internal:9001', poll success, but error: Operation now in progress (29).
[73] [Step Debug] ERR: Could not connect to debugging client. Tried: host.docker.internal:9001 (through xdebug.client_host/xdebug.client_port).
[73] [Step Debug] INFO: Connecting to configured address/port: host.docker.internal:9001.
[73] [Step Debug] WARN: Creating socket for 'host.docker.internal:9001', poll success, but error: Operation now in progress (29).
[73] [Step Debug] ERR: Could not connect to debugging client. Tried: host.docker.internal:9001 (through xdebug.client_host/xdebug.client_port).
[73] Log closed at 2025-09-27 17:17:45.435702

[119] Log opened at 2025-09-27 17:18:02.467572
[119] [Config] WARN: Not setting up control socket with default value due to unavailable 'tsc' clock
[119] [Step Debug] INFO: Connecting to configured address/port: host.docker.internal:9001.
[119] [Step Debug] WARN: Creating socket for 'host.docker.internal:9001', poll success, but error: Operation now in progress (29).
[119] [Step Debug] ERR: Could not connect to debugging client. Tried: host.docker.internal:9001 (through xdebug.client_host/xdebug.client_port).
[119] [Step Debug] INFO: Connecting to configured address/port: host.docker.internal:9001.
[119] [Step Debug] WARN: Creating socket for 'host.docker.internal:9001', poll success, but error: Operation now in progress (29).
[119] [Step Debug] ERR: Could not connect to debugging client. Tried: host.docker.internal:9001 (through xdebug.client_host/xdebug.client_port).
[119] [Step Debug] INFO: Connecting to configured address/port: host.docker.internal:9001.
[119] [Step Debug] WARN: Creating socket for 'host.docker.internal:9001', poll success, but error: Operation now in progress (29).
[119] [Step Debug] ERR: Could not connect to debugging client. Tried: host.docker.internal:9001 (through xdebug.client_host/xdebug.client_port).
[119] Log closed at 2025-09-27 17:18:03.276435

[124] Log opened at 2025-09-27 17:18:09.555840
[124] [Config] WARN: Not setting up control socket with default value due to unavailable 'tsc' clock
[124] [Step Debug] INFO: Connecting to configured address/port: host.docker.internal:9001.
[124] [Step Debug] WARN: Creating socket for 'host.docker.internal:9001', poll success, but error: Operation now in progress (29).
[124] [Step Debug] ERR: Could not connect to debugging client. Tried: host.docker.internal:9001 (through xdebug.client_host/xdebug.client_port).
[124] [Step Debug] INFO: Connecting to configured address/port: host.docker.internal:9001.
[124] [Step Debug] WARN: Creating socket for 'host.docker.internal:9001', poll success, but error: Operation now in progress (29).
[124] [Step Debug] ERR: Could not connect to debugging client. Tried: host.docker.internal:9001 (through xdebug.client_host/xdebug.client_port).
[124] [Step Debug] INFO: Connecting to configured address/port: host.docker.internal:9001.
[124] [Step Debug] WARN: Creating socket for 'host.docker.internal:9001', poll success, but error: Operation now in progress (29).
[124] [Step Debug] ERR: Could not connect to debugging client. Tried: host.docker.internal:9001 (through xdebug.client_host/xdebug.client_port).
[124] Log closed at 2025-09-27 17:18:10.220848

[72] Log opened at 2025-09-27 17:18:15.707472
[72] [Step Debug] INFO: Connecting to configured address/port: host.docker.internal:9001.
[72] [Step Debug] WARN: Creating socket for 'host.docker.internal:9001', poll success, but error: Operation now in progress (29).
[72] [Step Debug] ERR: Could not connect to debugging client. Tried: host.docker.internal:9001 (through xdebug.client_host/xdebug.client_port).
[72] [Step Debug] INFO: Connecting to configured address/port: host.docker.internal:9001.
[72] [Step Debug] WARN: Creating socket for 'host.docker.internal:9001', poll success, but error: Operation now in progress (29).
[72] [Step Debug] ERR: Could not connect to debugging client. Tried: host.docker.internal:9001 (through xdebug.client_host/xdebug.client_port).
[72] [Step Debug] INFO: Connecting to configured address/port: host.docker.internal:9001.
[72] [Step Debug] WARN: Creating socket for 'host.docker.internal:9001', poll success, but error: Operation now in progress (29).
[72] [Step Debug] ERR: Could not connect to debugging client. Tried: host.docker.internal:9001 (through xdebug.client_host/xdebug.client_port).
[72] Log closed at 2025-09-27 17:18:15.811154

[73] Log opened at 2025-09-27 17:18:39.026626
[73] [Step Debug] INFO: Connecting to configured address/port: host.docker.internal:9001.
[73] [Step Debug] WARN: Creating socket for 'host.docker.internal:9001', poll success, but error: Operation now in progress (29).
[73] [Step Debug] ERR: Could not connect to debugging client. Tried: host.docker.internal:9001 (through xdebug.client_host/xdebug.client_port).
[73] [Step Debug] INFO: Connecting to configured address/port: host.docker.internal:9001.
[73] [Step Debug] WARN: Creating socket for 'host.docker.internal:9001', poll success, but error: Operation now in progress (29).
[73] [Step Debug] ERR: Could not connect to debugging client. Tried: host.docker.internal:9001 (through xdebug.client_host/xdebug.client_port).
[73] [Step Debug] INFO: Connecting to configured address/port: host.docker.internal:9001.
[73] [Step Debug] WARN: Creating socket for 'host.docker.internal:9001', poll success, but error: Operation now in progress (29).
[73] [Step Debug] ERR: Could not connect to debugging client. Tried: host.docker.internal:9001 (through xdebug.client_host/xdebug.client_port).
[73] Log closed at 2025-09-27 17:18:39.516011

[72] Log opened at 2025-09-27 17:18:39.513315
[72] [Step Debug] INFO: Connecting to configured address/port: host.docker.internal:9001.
[72] [Step Debug] WARN: Creating socket for 'host.docker.internal:9001', poll success, but error: Operation now in progress (29).
[72] [Step Debug] ERR: Could not connect to debugging client. Tried: host.docker.internal:9001 (through xdebug.client_host/xdebug.client_port).
[72] [Step Debug] INFO: Connecting to configured address/port: host.docker.internal:9001.
[72] [Step Debug] WARN: Creating socket for 'host.docker.internal:9001', poll success, but error: Operation now in progress (29).
[72] [Step Debug] ERR: Could not connect to debugging client. Tried: host.docker.internal:9001 (through xdebug.client_host/xdebug.client_port).
[72] [Step Debug] INFO: Connecting to configured address/port: host.docker.internal:9001.
[72] [Step Debug] WARN: Creating socket for 'host.docker.internal:9001', poll success, but error: Operation now in progress (29).
[72] [Step Debug] ERR: Could not connect to debugging client. Tried: host.docker.internal:9001 (through xdebug.client_host/xdebug.client_port).
[72] Log closed at 2025-09-27 17:18:39.629455

[73] Log opened at 2025-09-27 17:24:14.363929
[73] [Step Debug] INFO: Connecting to configured address/port: host.docker.internal:9001.
[73] [Step Debug] WARN: Creating socket for 'host.docker.internal:9001', poll success, but error: Operation now in progress (29).
[73] [Step Debug] ERR: Could not connect to debugging client. Tried: host.docker.internal:9001 (through xdebug.client_host/xdebug.client_port).
[73] [Step Debug] INFO: Connecting to configured address/port: host.docker.internal:9001.
[73] [Step Debug] WARN: Creating socket for 'host.docker.internal:9001', poll success, but error: Operation now in progress (29).
[73] [Step Debug] ERR: Could not connect to debugging client. Tried: host.docker.internal:9001 (through xdebug.client_host/xdebug.client_port).
[73] [Step Debug] INFO: Connecting to configured address/port: host.docker.internal:9001.
[73] [Step Debug] WARN: Creating socket for 'host.docker.internal:9001', poll success, but error: Operation now in progress (29).
[73] [Step Debug] ERR: Could not connect to debugging client. Tried: host.docker.internal:9001 (through xdebug.client_host/xdebug.client_port).
[73] Log closed at 2025-09-27 17:24:14.532610

[72] Log opened at 2025-09-27 17:30:50.557641
[72] [Step Debug] INFO: Connecting to configured address/port: host.docker.internal:9001.
[72] [Step Debug] WARN: Creating socket for 'host.docker.internal:9001', poll success, but error: Operation now in progress (29).
[72] [Step Debug] ERR: Could not connect to debugging client. Tried: host.docker.internal:9001 (through xdebug.client_host/xdebug.client_port).
[72] [Step Debug] INFO: Connecting to configured address/port: host.docker.internal:9001.
[72] [Step Debug] WARN: Creating socket for 'host.docker.internal:9001', poll success, but error: Operation now in progress (29).
[72] [Step Debug] ERR: Could not connect to debugging client. Tried: host.docker.internal:9001 (through xdebug.client_host/xdebug.client_port).
[72] [Step Debug] INFO: Connecting to configured address/port: host.docker.internal:9001.
[72] [Step Debug] WARN: Creating socket for 'host.docker.internal:9001', poll success, but error: Operation now in progress (29).
[72] [Step Debug] ERR: Could not connect to debugging client. Tried: host.docker.internal:9001 (through xdebug.client_host/xdebug.client_port).
[72] Log closed at 2025-09-27 17:30:51.134242

[73] Log opened at 2025-09-27 17:30:51.233041
[73] [Step Debug] INFO: Connecting to configured address/port: host.docker.internal:9001.
[73] [Step Debug] WARN: Creating socket for 'host.docker.internal:9001', poll success, but error: Operation now in progress (29).
[73] [Step Debug] ERR: Could not connect to debugging client. Tried: host.docker.internal:9001 (through xdebug.client_host/xdebug.client_port).
[73] [Step Debug] INFO: Connecting to configured address/port: host.docker.internal:9001.
[73] [Step Debug] WARN: Creating socket for 'host.docker.internal:9001', poll success, but error: Operation now in progress (29).
[73] [Step Debug] ERR: Could not connect to debugging client. Tried: host.docker.internal:9001 (through xdebug.client_host/xdebug.client_port).
[73] [Step Debug] INFO: Connecting to configured address/port: host.docker.internal:9001.
[73] [Step Debug] WARN: Creating socket for 'host.docker.internal:9001', poll success, but error: Operation now in progress (29).
[73] [Step Debug] ERR: Could not connect to debugging client. Tried: host.docker.internal:9001 (through xdebug.client_host/xdebug.client_port).
[73] Log closed at 2025-09-27 17:30:51.432449

[72] Log opened at 2025-09-27 17:30:52.437926
[72] [Step Debug] INFO: Connecting to configured address/port: host.docker.internal:9001.
[72] [Step Debug] WARN: Creating socket for 'host.docker.internal:9001', poll success, but error: Operation now in progress (29).
[72] [Step Debug] ERR: Could not connect to debugging client. Tried: host.docker.internal:9001 (through xdebug.client_host/xdebug.client_port).
[72] [Step Debug] INFO: Connecting to configured address/port: host.docker.internal:9001.
[72] [Step Debug] WARN: Creating socket for 'host.docker.internal:9001', poll success, but error: Operation now in progress (29).
[72] [Step Debug] ERR: Could not connect to debugging client. Tried: host.docker.internal:9001 (through xdebug.client_host/xdebug.client_port).
[72] [Step Debug] INFO: Connecting to configured address/port: host.docker.internal:9001.
[72] [Step Debug] WARN: Creating socket for 'host.docker.internal:9001', poll success, but error: Operation now in progress (29).
[72] [Step Debug] ERR: Could not connect to debugging client. Tried: host.docker.internal:9001 (through xdebug.client_host/xdebug.client_port).
[72] Log closed at 2025-09-27 17:30:52.634116

[73] Log opened at 2025-09-27 17:30:52.676621
[73] [Step Debug] INFO: Connecting to configured address/port: host.docker.internal:9001.
[73] [Step Debug] WARN: Creating socket for 'host.docker.internal:9001', poll success, but error: Operation now in progress (29).
[73] [Step Debug] ERR: Could not connect to debugging client. Tried: host.docker.internal:9001 (through xdebug.client_host/xdebug.client_port).
[73] [Step Debug] INFO: Connecting to configured address/port: host.docker.internal:9001.
[73] [Step Debug] WARN: Creating socket for 'host.docker.internal:9001', poll success, but error: Operation now in progress (29).
[73] [Step Debug] ERR: Could not connect to debugging client. Tried: host.docker.internal:9001 (through xdebug.client_host/xdebug.client_port).
[73] [Step Debug] INFO: Connecting to configured address/port: host.docker.internal:9001.
[73] [Step Debug] WARN: Creating socket for 'host.docker.internal:9001', poll success, but error: Operation now in progress (29).
[73] [Step Debug] ERR: Could not connect to debugging client. Tried: host.docker.internal:9001 (through xdebug.client_host/xdebug.client_port).
[73] Log closed at 2025-09-27 17:30:52.838963

[72] Log opened at 2025-09-27 17:30:53.718508
[72] [Step Debug] INFO: Connecting to configured address/port: host.docker.internal:9001.
[72] [Step Debug] WARN: Creating socket for 'host.docker.internal:9001', poll success, but error: Operation now in progress (29).
[72] [Step Debug] ERR: Could not connect to debugging client. Tried: host.docker.internal:9001 (through xdebug.client_host/xdebug.client_port).
[72] [Step Debug] INFO: Connecting to configured address/port: host.docker.internal:9001.
[72] [Step Debug] WARN: Creating socket for 'host.docker.internal:9001', poll success, but error: Operation now in progress (29).
[72] [Step Debug] ERR: Could not connect to debugging client. Tried: host.docker.internal:9001 (through xdebug.client_host/xdebug.client_port).
[72] [Step Debug] INFO: Connecting to configured address/port: host.docker.internal:9001.
[72] [Step Debug] WARN: Creating socket for 'host.docker.internal:9001', poll success, but error: Operation now in progress (29).
[72] [Step Debug] ERR: Could not connect to debugging client. Tried: host.docker.internal:9001 (through xdebug.client_host/xdebug.client_port).
[72] Log closed at 2025-09-27 17:30:53.937559

[73] Log opened at 2025-09-27 17:30:53.977549
[73] [Step Debug] INFO: Connecting to configured address/port: host.docker.internal:9001.
[73] [Step Debug] WARN: Creating socket for 'host.docker.internal:9001', poll success, but error: Operation now in progress (29).
[73] [Step Debug] ERR: Could not connect to debugging client. Tried: host.docker.internal:9001 (through xdebug.client_host/xdebug.client_port).
[73] [Step Debug] INFO: Connecting to configured address/port: host.docker.internal:9001.
[73] [Step Debug] WARN: Creating socket for 'host.docker.internal:9001', poll success, but error: Operation now in progress (29).
[73] [Step Debug] ERR: Could not connect to debugging client. Tried: host.docker.internal:9001 (through xdebug.client_host/xdebug.client_port).
[73] [Step Debug] INFO: Connecting to configured address/port: host.docker.internal:9001.
[73] [Step Debug] WARN: Creating socket for 'host.docker.internal:9001', poll success, but error: Operation now in progress (29).
[73] [Step Debug] ERR: Could not connect to debugging client. Tried: host.docker.internal:9001 (through xdebug.client_host/xdebug.client_port).
[73] Log closed at 2025-09-27 17:30:54.238995

[72] Log opened at 2025-09-27 17:30:55.436116
[72] [Step Debug] INFO: Connecting to configured address/port: host.docker.internal:9001.
[72] [Step Debug] WARN: Creating socket for 'host.docker.internal:9001', poll success, but error: Operation now in progress (29).
[72] [Step Debug] ERR: Could not connect to debugging client. Tried: host.docker.internal:9001 (through xdebug.client_host/xdebug.client_port).
[72] [Step Debug] INFO: Connecting to configured address/port: host.docker.internal:9001.
[72] [Step Debug] WARN: Creating socket for 'host.docker.internal:9001', poll success, but error: Operation now in progress (29).
[72] [Step Debug] ERR: Could not connect to debugging client. Tried: host.docker.internal:9001 (through xdebug.client_host/xdebug.client_port).
[73] Log opened at 2025-09-27 17:30:55.447478
[73] [Step Debug] INFO: Connecting to configured address/port: host.docker.internal:9001.
[73] [Step Debug] WARN: Creating socket for 'host.docker.internal:9001', poll success, but error: Operation now in progress (29).
[73] [Step Debug] ERR: Could not connect to debugging client. Tried: host.docker.internal:9001 (through xdebug.client_host/xdebug.client_port).
[73] [Step Debug] INFO: Connecting to configured address/port: host.docker.internal:9001.
[73] [Step Debug] WARN: Creating socket for 'host.docker.internal:9001', poll success, but error: Operation now in progress (29).
[73] [Step Debug] ERR: Could not connect to debugging client. Tried: host.docker.internal:9001 (through xdebug.client_host/xdebug.client_port).
[72] [Step Debug] INFO: Connecting to configured address/port: host.docker.internal:9001.
[72] [Step Debug] WARN: Creating socket for 'host.docker.internal:9001', poll success, but error: Operation now in progress (29).
[72] [Step Debug] ERR: Could not connect to debugging client. Tried: host.docker.internal:9001 (through xdebug.client_host/xdebug.client_port).
[72] Log closed at 2025-09-27 17:30:55.682295

[73] [Step Debug] INFO: Connecting to configured address/port: host.docker.internal:9001.
[73] [Step Debug] WARN: Creating socket for 'host.docker.internal:9001', poll success, but error: Operation now in progress (29).
[73] [Step Debug] ERR: Could not connect to debugging client. Tried: host.docker.internal:9001 (through xdebug.client_host/xdebug.client_port).
[73] Log closed at 2025-09-27 17:30:55.738124

[72] Log opened at 2025-09-27 17:30:55.788215
[72] [Step Debug] INFO: Connecting to configured address/port: host.docker.internal:9001.
[72] [Step Debug] WARN: Creating socket for 'host.docker.internal:9001', poll success, but error: Operation now in progress (29).
[72] [Step Debug] ERR: Could not connect to debugging client. Tried: host.docker.internal:9001 (through xdebug.client_host/xdebug.client_port).
[72] [Step Debug] INFO: Connecting to configured address/port: host.docker.internal:9001.
[72] [Step Debug] WARN: Creating socket for 'host.docker.internal:9001', poll success, but error: Operation now in progress (29).
[72] [Step Debug] ERR: Could not connect to debugging client. Tried: host.docker.internal:9001 (through xdebug.client_host/xdebug.client_port).
[72] [Step Debug] INFO: Connecting to configured address/port: host.docker.internal:9001.
[72] [Step Debug] WARN: Creating socket for 'host.docker.internal:9001', poll success, but error: Operation now in progress (29).
[72] [Step Debug] ERR: Could not connect to debugging client. Tried: host.docker.internal:9001 (through xdebug.client_host/xdebug.client_port).
[72] Log closed at 2025-09-27 17:30:56.083066

[73] Log opened at 2025-09-27 17:30:57.489698
[73] [Step Debug] INFO: Connecting to configured address/port: host.docker.internal:9001.
[73] [Step Debug] WARN: Creating socket for 'host.docker.internal:9001', poll success, but error: Operation now in progress (29).
[73] [Step Debug] ERR: Could not connect to debugging client. Tried: host.docker.internal:9001 (through xdebug.client_host/xdebug.client_port).
[73] [Step Debug] INFO: Connecting to configured address/port: host.docker.internal:9001.
[73] [Step Debug] WARN: Creating socket for 'host.docker.internal:9001', poll success, but error: Operation now in progress (29).
[73] [Step Debug] ERR: Could not connect to debugging client. Tried: host.docker.internal:9001 (through xdebug.client_host/xdebug.client_port).
[73] [Step Debug] INFO: Connecting to configured address/port: host.docker.internal:9001.
[73] [Step Debug] WARN: Creating socket for 'host.docker.internal:9001', poll success, but error: Operation now in progress (29).
[73] [Step Debug] ERR: Could not connect to debugging client. Tried: host.docker.internal:9001 (through xdebug.client_host/xdebug.client_port).
[73] Log closed at 2025-09-27 17:30:57.696419

[72] Log opened at 2025-09-27 17:30:57.745161
[72] [Step Debug] INFO: Connecting to configured address/port: host.docker.internal:9001.
[72] [Step Debug] WARN: Creating socket for 'host.docker.internal:9001', poll success, but error: Operation now in progress (29).
[72] [Step Debug] ERR: Could not connect to debugging client. Tried: host.docker.internal:9001 (through xdebug.client_host/xdebug.client_port).
[72] [Step Debug] INFO: Connecting to configured address/port: host.docker.internal:9001.
[72] [Step Debug] WARN: Creating socket for 'host.docker.internal:9001', poll success, but error: Operation now in progress (29).
[72] [Step Debug] ERR: Could not connect to debugging client. Tried: host.docker.internal:9001 (through xdebug.client_host/xdebug.client_port).
[72] [Step Debug] INFO: Connecting to configured address/port: host.docker.internal:9001.
[72] [Step Debug] WARN: Creating socket for 'host.docker.internal:9001', poll success, but error: Operation now in progress (29).
[72] [Step Debug] ERR: Could not connect to debugging client. Tried: host.docker.internal:9001 (through xdebug.client_host/xdebug.client_port).
[72] Log closed at 2025-09-27 17:30:58.158377

[73] Log opened at 2025-09-27 17:31:02.451510
[73] [Step Debug] INFO: Connecting to configured address/port: host.docker.internal:9001.
[73] [Step Debug] WARN: Creating socket for 'host.docker.internal:9001', poll success, but error: Operation now in progress (29).
[73] [Step Debug] ERR: Could not connect to debugging client. Tried: host.docker.internal:9001 (through xdebug.client_host/xdebug.client_port).
[73] [Step Debug] INFO: Connecting to configured address/port: host.docker.internal:9001.
[73] [Step Debug] WARN: Creating socket for 'host.docker.internal:9001', poll success, but error: Operation now in progress (29).
[73] [Step Debug] ERR: Could not connect to debugging client. Tried: host.docker.internal:9001 (through xdebug.client_host/xdebug.client_port).
[73] [Step Debug] INFO: Connecting to configured address/port: host.docker.internal:9001.
[73] [Step Debug] WARN: Creating socket for 'host.docker.internal:9001', poll success, but error: Operation now in progress (29).
[73] [Step Debug] ERR: Could not connect to debugging client. Tried: host.docker.internal:9001 (through xdebug.client_host/xdebug.client_port).
[73] Log closed at 2025-09-27 17:31:02.615706

[72] Log opened at 2025-09-27 17:31:02.668511
[72] [Step Debug] INFO: Connecting to configured address/port: host.docker.internal:9001.
[72] [Step Debug] WARN: Creating socket for 'host.docker.internal:9001', poll success, but error: Operation now in progress (29).
[72] [Step Debug] ERR: Could not connect to debugging client. Tried: host.docker.internal:9001 (through xdebug.client_host/xdebug.client_port).
[72] [Step Debug] INFO: Connecting to configured address/port: host.docker.internal:9001.
[72] [Step Debug] WARN: Creating socket for 'host.docker.internal:9001', poll success, but error: Operation now in progress (29).
[72] [Step Debug] ERR: Could not connect to debugging client. Tried: host.docker.internal:9001 (through xdebug.client_host/xdebug.client_port).
[72] [Step Debug] INFO: Connecting to configured address/port: host.docker.internal:9001.
[72] [Step Debug] WARN: Creating socket for 'host.docker.internal:9001', poll success, but error: Operation now in progress (29).
[72] [Step Debug] ERR: Could not connect to debugging client. Tried: host.docker.internal:9001 (through xdebug.client_host/xdebug.client_port).
[72] Log closed at 2025-09-27 17:31:02.782714

[73] Log opened at 2025-09-27 17:32:02.457505
[73] [Step Debug] INFO: Connecting to configured address/port: host.docker.internal:9001.
[73] [Step Debug] WARN: Creating socket for 'host.docker.internal:9001', poll success, but error: Operation now in progress (29).
[73] [Step Debug] ERR: Could not connect to debugging client. Tried: host.docker.internal:9001 (through xdebug.client_host/xdebug.client_port).
[73] [Step Debug] INFO: Connecting to configured address/port: host.docker.internal:9001.
[73] [Step Debug] WARN: Creating socket for 'host.docker.internal:9001', poll success, but error: Operation now in progress (29).
[73] [Step Debug] ERR: Could not connect to debugging client. Tried: host.docker.internal:9001 (through xdebug.client_host/xdebug.client_port).
[73] [Step Debug] INFO: Connecting to configured address/port: host.docker.internal:9001.
[73] [Step Debug] WARN: Creating socket for 'host.docker.internal:9001', poll success, but error: Operation now in progress (29).
[73] [Step Debug] ERR: Could not connect to debugging client. Tried: host.docker.internal:9001 (through xdebug.client_host/xdebug.client_port).
[73] Log closed at 2025-09-27 17:32:02.604788

[72] Log opened at 2025-09-27 17:32:02.661612
[72] [Step Debug] INFO: Connecting to configured address/port: host.docker.internal:9001.
[72] [Step Debug] WARN: Creating socket for 'host.docker.internal:9001', poll success, but error: Operation now in progress (29).
[72] [Step Debug] ERR: Could not connect to debugging client. Tried: host.docker.internal:9001 (through xdebug.client_host/xdebug.client_port).
[72] [Step Debug] INFO: Connecting to configured address/port: host.docker.internal:9001.
[72] [Step Debug] WARN: Creating socket for 'host.docker.internal:9001', poll success, but error: Operation now in progress (29).
[72] [Step Debug] ERR: Could not connect to debugging client. Tried: host.docker.internal:9001 (through xdebug.client_host/xdebug.client_port).
[72] [Step Debug] INFO: Connecting to configured address/port: host.docker.internal:9001.
[72] [Step Debug] WARN: Creating socket for 'host.docker.internal:9001', poll success, but error: Operation now in progress (29).
[72] [Step Debug] ERR: Could not connect to debugging client. Tried: host.docker.internal:9001 (through xdebug.client_host/xdebug.client_port).
[72] Log closed at 2025-09-27 17:32:02.769819

[73] Log opened at 2025-09-27 17:32:07.552219
[73] [Step Debug] INFO: Connecting to configured address/port: host.docker.internal:9001.
[73] [Step Debug] WARN: Creating socket for 'host.docker.internal:9001', poll success, but error: Operation now in progress (29).
[73] [Step Debug] ERR: Could not connect to debugging client. Tried: host.docker.internal:9001 (through xdebug.client_host/xdebug.client_port).
[73] [Step Debug] INFO: Connecting to configured address/port: host.docker.internal:9001.
[73] [Step Debug] WARN: Creating socket for 'host.docker.internal:9001', poll success, but error: Operation now in progress (29).
[73] [Step Debug] ERR: Could not connect to debugging client. Tried: host.docker.internal:9001 (through xdebug.client_host/xdebug.client_port).
[73] [Step Debug] INFO: Connecting to configured address/port: host.docker.internal:9001.
[73] [Step Debug] WARN: Creating socket for 'host.docker.internal:9001', poll success, but error: Operation now in progress (29).
[73] [Step Debug] ERR: Could not connect to debugging client. Tried: host.docker.internal:9001 (through xdebug.client_host/xdebug.client_port).
[73] Log closed at 2025-09-27 17:32:07.678123

[72] Log opened at 2025-09-27 17:32:07.708235
[72] [Step Debug] INFO: Connecting to configured address/port: host.docker.internal:9001.
[72] [Step Debug] WARN: Creating socket for 'host.docker.internal:9001', poll success, but error: Operation now in progress (29).
[72] [Step Debug] ERR: Could not connect to debugging client. Tried: host.docker.internal:9001 (through xdebug.client_host/xdebug.client_port).
[72] [Step Debug] INFO: Connecting to configured address/port: host.docker.internal:9001.
[72] [Step Debug] WARN: Creating socket for 'host.docker.internal:9001', poll success, but error: Operation now in progress (29).
[72] [Step Debug] ERR: Could not connect to debugging client. Tried: host.docker.internal:9001 (through xdebug.client_host/xdebug.client_port).
[72] [Step Debug] INFO: Connecting to configured address/port: host.docker.internal:9001.
[72] [Step Debug] WARN: Creating socket for 'host.docker.internal:9001', poll success, but error: Operation now in progress (29).
[72] [Step Debug] ERR: Could not connect to debugging client. Tried: host.docker.internal:9001 (through xdebug.client_host/xdebug.client_port).
[72] Log closed at 2025-09-27 17:32:07.815778

[73] Log opened at 2025-09-27 22:06:32.149600
[73] [Step Debug] INFO: Connecting to configured address/port: host.docker.internal:9001.
[73] [Step Debug] WARN: Creating socket for 'host.docker.internal:9001', poll success, but error: Operation now in progress (29).
[73] [Step Debug] ERR: Could not connect to debugging client. Tried: host.docker.internal:9001 (through xdebug.client_host/xdebug.client_port).
[73] [Step Debug] INFO: Connecting to configured address/port: host.docker.internal:9001.
[73] [Step Debug] WARN: Creating socket for 'host.docker.internal:9001', poll success, but error: Operation now in progress (29).
[73] [Step Debug] ERR: Could not connect to debugging client. Tried: host.docker.internal:9001 (through xdebug.client_host/xdebug.client_port).
[73] [Step Debug] INFO: Connecting to configured address/port: host.docker.internal:9001.
[73] [Step Debug] WARN: Creating socket for 'host.docker.internal:9001', poll success, but error: Operation now in progress (29).
[73] [Step Debug] ERR: Could not connect to debugging client. Tried: host.docker.internal:9001 (through xdebug.client_host/xdebug.client_port).
[73] Log closed at 2025-09-27 22:06:32.323640

[72] Log opened at 2025-09-27 22:06:32.322647
[72] [Step Debug] INFO: Connecting to configured address/port: host.docker.internal:9001.
[72] [Step Debug] WARN: Creating socket for 'host.docker.internal:9001', poll success, but error: Operation now in progress (29).
[72] [Step Debug] ERR: Could not connect to debugging client. Tried: host.docker.internal:9001 (through xdebug.client_host/xdebug.client_port).
[72] [Step Debug] INFO: Connecting to configured address/port: host.docker.internal:9001.
[72] [Step Debug] WARN: Creating socket for 'host.docker.internal:9001', poll success, but error: Operation now in progress (29).
[72] [Step Debug] ERR: Could not connect to debugging client. Tried: host.docker.internal:9001 (through xdebug.client_host/xdebug.client_port).
[72] [Step Debug] INFO: Connecting to configured address/port: host.docker.internal:9001.
[72] [Step Debug] WARN: Creating socket for 'host.docker.internal:9001', poll success, but error: Operation now in progress (29).
[72] [Step Debug] ERR: Could not connect to debugging client. Tried: host.docker.internal:9001 (through xdebug.client_host/xdebug.client_port).
[72] Log closed at 2025-09-27 22:06:32.577898

[73] Log opened at 2025-09-27 22:06:35.654227
[73] [Step Debug] INFO: Connecting to configured address/port: host.docker.internal:9001.
[73] [Step Debug] WARN: Creating socket for 'host.docker.internal:9001', poll success, but error: Operation now in progress (29).
[73] [Step Debug] ERR: Could not connect to debugging client. Tried: host.docker.internal:9001 (through xdebug.client_host/xdebug.client_port).
[73] [Step Debug] INFO: Connecting to configured address/port: host.docker.internal:9001.
[73] [Step Debug] WARN: Creating socket for 'host.docker.internal:9001', poll success, but error: Operation now in progress (29).
[73] [Step Debug] ERR: Could not connect to debugging client. Tried: host.docker.internal:9001 (through xdebug.client_host/xdebug.client_port).
[73] [Step Debug] INFO: Connecting to configured address/port: host.docker.internal:9001.
[73] [Step Debug] WARN: Creating socket for 'host.docker.internal:9001', poll success, but error: Operation now in progress (29).
[73] [Step Debug] ERR: Could not connect to debugging client. Tried: host.docker.internal:9001 (through xdebug.client_host/xdebug.client_port).
[73] Log closed at 2025-09-27 22:06:35.859368

[72] Log opened at 2025-09-27 22:08:12.501268
[72] [Step Debug] INFO: Connecting to configured address/port: host.docker.internal:9001.
[72] [Step Debug] WARN: Creating socket for 'host.docker.internal:9001', poll success, but error: Operation now in progress (29).
[72] [Step Debug] ERR: Could not connect to debugging client. Tried: host.docker.internal:9001 (through xdebug.client_host/xdebug.client_port).
[72] [Step Debug] INFO: Connecting to configured address/port: host.docker.internal:9001.
[72] [Step Debug] WARN: Creating socket for 'host.docker.internal:9001', poll success, but error: Operation now in progress (29).
[72] [Step Debug] ERR: Could not connect to debugging client. Tried: host.docker.internal:9001 (through xdebug.client_host/xdebug.client_port).
[72] [Step Debug] INFO: Connecting to configured address/port: host.docker.internal:9001.
[72] [Step Debug] WARN: Creating socket for 'host.docker.internal:9001', poll success, but error: Operation now in progress (29).
[72] [Step Debug] ERR: Could not connect to debugging client. Tried: host.docker.internal:9001 (through xdebug.client_host/xdebug.client_port).
[72] Log closed at 2025-09-27 22:08:13.128044

[73] Log opened at 2025-09-27 22:08:13.126540
[73] [Step Debug] INFO: Connecting to configured address/port: host.docker.internal:9001.
[73] [Step Debug] WARN: Creating socket for 'host.docker.internal:9001', poll success, but error: Operation now in progress (29).
[73] [Step Debug] ERR: Could not connect to debugging client. Tried: host.docker.internal:9001 (through xdebug.client_host/xdebug.client_port).
[73] [Step Debug] INFO: Connecting to configured address/port: host.docker.internal:9001.
[73] [Step Debug] WARN: Creating socket for 'host.docker.internal:9001', poll success, but error: Operation now in progress (29).
[73] [Step Debug] ERR: Could not connect to debugging client. Tried: host.docker.internal:9001 (through xdebug.client_host/xdebug.client_port).
[73] [Step Debug] INFO: Connecting to configured address/port: host.docker.internal:9001.
[73] [Step Debug] WARN: Creating socket for 'host.docker.internal:9001', poll success, but error: Operation now in progress (29).
[73] [Step Debug] ERR: Could not connect to debugging client. Tried: host.docker.internal:9001 (through xdebug.client_host/xdebug.client_port).
[73] Log closed at 2025-09-27 22:08:13.251187

[79] Log opened at 2025-09-28 08:18:27.109924
[79] [Config] WARN: Not setting up control socket with default value due to unavailable 'tsc' clock
[79] [Step Debug] INFO: Connecting to configured address/port: host.docker.internal:9001.
[79] [Step Debug] WARN: Creating socket for 'host.docker.internal:9001', poll success, but error: Operation now in progress (29).
[79] [Step Debug] ERR: Could not connect to debugging client. Tried: host.docker.internal:9001 (through xdebug.client_host/xdebug.client_port).
[79] [Step Debug] INFO: Connecting to configured address/port: host.docker.internal:9001.
[79] [Step Debug] WARN: Creating socket for 'host.docker.internal:9001', poll success, but error: Operation now in progress (29).
[79] [Step Debug] ERR: Could not connect to debugging client. Tried: host.docker.internal:9001 (through xdebug.client_host/xdebug.client_port).
[384] Log opened at 2025-09-28 08:19:30.811552
[384] [Config] WARN: Not setting up control socket with default value due to unavailable 'tsc' clock
[384] [Step Debug] INFO: Connecting to configured address/port: host.docker.internal:9001.
[384] [Step Debug] WARN: Creating socket for 'host.docker.internal:9001', poll success, but error: Operation now in progress (29).
[384] [Step Debug] ERR: Could not connect to debugging client. Tried: host.docker.internal:9001 (through xdebug.client_host/xdebug.client_port).
[384] [Step Debug] INFO: Connecting to configured address/port: host.docker.internal:9001.
[384] [Step Debug] WARN: Creating socket for 'host.docker.internal:9001', poll success, but error: Operation now in progress (29).
[384] [Step Debug] ERR: Could not connect to debugging client. Tried: host.docker.internal:9001 (through xdebug.client_host/xdebug.client_port).
[384] Log closed at 2025-09-28 08:19:31.384472

[388] Log opened at 2025-09-28 08:19:32.067737
[388] [Config] WARN: Not setting up control socket with default value due to unavailable 'tsc' clock
[388] [Step Debug] INFO: Connecting to configured address/port: host.docker.internal:9001.
[388] [Step Debug] WARN: Creating socket for 'host.docker.internal:9001', poll success, but error: Operation now in progress (29).
[388] [Step Debug] ERR: Could not connect to debugging client. Tried: host.docker.internal:9001 (through xdebug.client_host/xdebug.client_port).
[388] [Step Debug] INFO: Connecting to configured address/port: host.docker.internal:9001.
[388] [Step Debug] WARN: Creating socket for 'host.docker.internal:9001', poll success, but error: Operation now in progress (29).
[388] [Step Debug] ERR: Could not connect to debugging client. Tried: host.docker.internal:9001 (through xdebug.client_host/xdebug.client_port).
[388] Log closed at 2025-09-28 08:19:32.486690

[79] Log closed at 2025-09-28 08:19:32.566829

[110] Log opened at 2025-09-28 10:00:56.463610
[110] [Config] WARN: Not setting up control socket with default value due to unavailable 'tsc' clock
[110] [Step Debug] INFO: Connecting to configured address/port: host.docker.internal:9001.
[110] [Step Debug] WARN: Creating socket for 'host.docker.internal:9001', poll success, but error: Operation now in progress (29).
[110] [Step Debug] ERR: Could not connect to debugging client. Tried: host.docker.internal:9001 (through xdebug.client_host/xdebug.client_port).
[110] [Step Debug] INFO: Connecting to configured address/port: host.docker.internal:9001.
[110] [Step Debug] WARN: Creating socket for 'host.docker.internal:9001', poll success, but error: Operation now in progress (29).
[110] [Step Debug] ERR: Could not connect to debugging client. Tried: host.docker.internal:9001 (through xdebug.client_host/xdebug.client_port).
[110] Log closed at 2025-09-28 10:00:56.953872

[195] Log opened at 2025-09-28 10:15:42.017208
[195] [Config] WARN: Not setting up control socket with default value due to unavailable 'tsc' clock
[195] [Step Debug] INFO: Connecting to configured address/port: host.docker.internal:9001.
[195] [Step Debug] WARN: Creating socket for 'host.docker.internal:9001', poll success, but error: Operation now in progress (29).
[195] [Step Debug] ERR: Could not connect to debugging client. Tried: host.docker.internal:9001 (through xdebug.client_host/xdebug.client_port).
[195] [Step Debug] INFO: Connecting to configured address/port: host.docker.internal:9001.
[195] [Step Debug] WARN: Creating socket for 'host.docker.internal:9001', poll success, but error: Operation now in progress (29).
[195] [Step Debug] ERR: Could not connect to debugging client. Tried: host.docker.internal:9001 (through xdebug.client_host/xdebug.client_port).
[249] Log opened at 2025-09-28 10:15:49.948298
[249] [Config] WARN: Not setting up control socket with default value due to unavailable 'tsc' clock
[249] [Step Debug] INFO: Connecting to configured address/port: host.docker.internal:9001.
[249] [Step Debug] WARN: Creating socket for 'host.docker.internal:9001', poll success, but error: Operation now in progress (29).
[249] [Step Debug] ERR: Could not connect to debugging client. Tried: host.docker.internal:9001 (through xdebug.client_host/xdebug.client_port).
[249] [Step Debug] INFO: Connecting to configured address/port: host.docker.internal:9001.
[249] [Step Debug] WARN: Creating socket for 'host.docker.internal:9001', poll success, but error: Operation now in progress (29).
[249] [Step Debug] ERR: Could not connect to debugging client. Tried: host.docker.internal:9001 (through xdebug.client_host/xdebug.client_port).
[249] Log closed at 2025-09-28 10:15:50.636476

[195] Log closed at 2025-09-28 10:15:50.750364

[2004] Log opened at 2025-09-28 10:21:47.143900
[2004] [Config] WARN: Not setting up control socket with default value due to unavailable 'tsc' clock
[2004] [Step Debug] INFO: Connecting to configured address/port: host.docker.internal:9001.
[2004] [Step Debug] WARN: Creating socket for 'host.docker.internal:9001', poll success, but error: Operation now in progress (29).
[2004] [Step Debug] ERR: Could not connect to debugging client. Tried: host.docker.internal:9001 (through xdebug.client_host/xdebug.client_port).
[2004] [Step Debug] INFO: Connecting to configured address/port: host.docker.internal:9001.
[2004] [Step Debug] WARN: Creating socket for 'host.docker.internal:9001', poll success, but error: Operation now in progress (29).
[2004] [Step Debug] ERR: Could not connect to debugging client. Tried: host.docker.internal:9001 (through xdebug.client_host/xdebug.client_port).
[2004] Log closed at 2025-09-28 10:21:49.236888

[86] Log opened at 2025-09-28 10:22:49.866326
[86] [Config] WARN: Not setting up control socket with default value due to unavailable 'tsc' clock
[86] [Step Debug] INFO: Connecting to configured address/port: host.docker.internal:9001.
[86] [Step Debug] WARN: Creating socket for 'host.docker.internal:9001', poll success, but error: Operation now in progress (29).
[86] [Step Debug] ERR: Could not connect to debugging client. Tried: host.docker.internal:9001 (through xdebug.client_host/xdebug.client_port).
[86] [Step Debug] INFO: Connecting to configured address/port: host.docker.internal:9001.
[86] [Step Debug] WARN: Creating socket for 'host.docker.internal:9001', poll success, but error: Operation now in progress (29).
[86] [Step Debug] ERR: Could not connect to debugging client. Tried: host.docker.internal:9001 (through xdebug.client_host/xdebug.client_port).
[86] Log closed at 2025-09-28 10:22:50.563453

[85] Log opened at 2025-09-28 10:22:50.572395
[85] [Config] WARN: Not setting up control socket with default value due to unavailable 'tsc' clock
[85] [Step Debug] INFO: Connecting to configured address/port: host.docker.internal:9001.
[85] [Step Debug] WARN: Creating socket for 'host.docker.internal:9001', poll success, but error: Operation now in progress (29).
[85] [Step Debug] ERR: Could not connect to debugging client. Tried: host.docker.internal:9001 (through xdebug.client_host/xdebug.client_port).
[85] [Step Debug] INFO: Connecting to configured address/port: host.docker.internal:9001.
[85] [Step Debug] WARN: Creating socket for 'host.docker.internal:9001', poll success, but error: Operation now in progress (29).
[85] [Step Debug] ERR: Could not connect to debugging client. Tried: host.docker.internal:9001 (through xdebug.client_host/xdebug.client_port).
[85] Log closed at 2025-09-28 10:22:50.890896

[2037] Log opened at 2025-09-28 10:23:08.193646
[2037] [Config] WARN: Not setting up control socket with default value due to unavailable 'tsc' clock
[2037] [Step Debug] INFO: Connecting to configured address/port: host.docker.internal:9001.
[2037] [Step Debug] WARN: Creating socket for 'host.docker.internal:9001', poll success, but error: Operation now in progress (29).
[2037] [Step Debug] ERR: Could not connect to debugging client. Tried: host.docker.internal:9001 (through xdebug.client_host/xdebug.client_port).
[2037] [Step Debug] INFO: Connecting to configured address/port: host.docker.internal:9001.
[2037] [Step Debug] WARN: Creating socket for 'host.docker.internal:9001', poll success, but error: Operation now in progress (29).
[2037] [Step Debug] ERR: Could not connect to debugging client. Tried: host.docker.internal:9001 (through xdebug.client_host/xdebug.client_port).
[2037] Log closed at 2025-09-28 10:23:09.695685

[86] Log opened at 2025-09-28 10:23:19.199981
[86] [Step Debug] INFO: Connecting to configured address/port: host.docker.internal:9001.
[86] [Step Debug] WARN: Creating socket for 'host.docker.internal:9001', poll success, but error: Operation now in progress (29).
[86] [Step Debug] ERR: Could not connect to debugging client. Tried: host.docker.internal:9001 (through xdebug.client_host/xdebug.client_port).
[86] [Step Debug] INFO: Connecting to configured address/port: host.docker.internal:9001.
[86] [Step Debug] WARN: Creating socket for 'host.docker.internal:9001', poll success, but error: Operation now in progress (29).
[86] [Step Debug] ERR: Could not connect to debugging client. Tried: host.docker.internal:9001 (through xdebug.client_host/xdebug.client_port).
[86] Log closed at 2025-09-28 10:23:19.348963

[85] Log opened at 2025-09-28 10:23:38.486857
[85] [Step Debug] INFO: Connecting to configured address/port: host.docker.internal:9001.
[85] [Step Debug] WARN: Creating socket for 'host.docker.internal:9001', poll success, but error: Operation now in progress (29).
[85] [Step Debug] ERR: Could not connect to debugging client. Tried: host.docker.internal:9001 (through xdebug.client_host/xdebug.client_port).
[85] [Step Debug] INFO: Connecting to configured address/port: host.docker.internal:9001.
[85] [Step Debug] WARN: Creating socket for 'host.docker.internal:9001', poll success, but error: Operation now in progress (29).
[85] [Step Debug] ERR: Could not connect to debugging client. Tried: host.docker.internal:9001 (through xdebug.client_host/xdebug.client_port).
[85] Log closed at 2025-09-28 10:23:39.114768

[86] Log opened at 2025-09-28 10:23:39.116518
[86] [Step Debug] INFO: Connecting to configured address/port: host.docker.internal:9001.
[86] [Step Debug] WARN: Creating socket for 'host.docker.internal:9001', poll success, but error: Operation now in progress (29).
[86] [Step Debug] ERR: Could not connect to debugging client. Tried: host.docker.internal:9001 (through xdebug.client_host/xdebug.client_port).
[86] [Step Debug] INFO: Connecting to configured address/port: host.docker.internal:9001.
[86] [Step Debug] WARN: Creating socket for 'host.docker.internal:9001', poll success, but error: Operation now in progress (29).
[86] [Step Debug] ERR: Could not connect to debugging client. Tried: host.docker.internal:9001 (through xdebug.client_host/xdebug.client_port).
[86] Log closed at 2025-09-28 10:23:39.247975

[2046] Log opened at 2025-09-28 10:29:42.659971
[2046] [Config] WARN: Not setting up control socket with default value due to unavailable 'tsc' clock
[2046] [Step Debug] INFO: Connecting to configured address/port: host.docker.internal:9001.
[2046] [Step Debug] WARN: Creating socket for 'host.docker.internal:9001', poll success, but error: Operation now in progress (29).
[2046] [Step Debug] ERR: Could not connect to debugging client. Tried: host.docker.internal:9001 (through xdebug.client_host/xdebug.client_port).
[2046] [Step Debug] INFO: Connecting to configured address/port: host.docker.internal:9001.
[2046] [Step Debug] WARN: Creating socket for 'host.docker.internal:9001', poll success, but error: Operation now in progress (29).
[2046] [Step Debug] ERR: Could not connect to debugging client. Tried: host.docker.internal:9001 (through xdebug.client_host/xdebug.client_port).
[2063] Log opened at 2025-09-28 10:29:45.009741
[2063] [Config] WARN: Not setting up control socket with default value due to unavailable 'tsc' clock
[2063] [Step Debug] INFO: Connecting to configured address/port: host.docker.internal:9001.
[2063] [Step Debug] WARN: Creating socket for 'host.docker.internal:9001', poll success, but error: Operation now in progress (29).
[2063] [Step Debug] ERR: Could not connect to debugging client. Tried: host.docker.internal:9001 (through xdebug.client_host/xdebug.client_port).
[2063] [Step Debug] INFO: Connecting to configured address/port: host.docker.internal:9001.
[2063] [Step Debug] WARN: Creating socket for 'host.docker.internal:9001', poll success, but error: Operation now in progress (29).
[2063] [Step Debug] ERR: Could not connect to debugging client. Tried: host.docker.internal:9001 (through xdebug.client_host/xdebug.client_port).
[2073] Log opened at 2025-09-28 10:29:45.959574
[2073] [Config] WARN: Not setting up control socket with default value due to unavailable 'tsc' clock
[2074] Log opened at 2025-09-28 10:29:45.962615
[2074] [Config] WARN: Not setting up control socket with default value due to unavailable 'tsc' clock
[2074] [Step Debug] INFO: Connecting to configured address/port: host.docker.internal:9001.
[2073] [Step Debug] INFO: Connecting to configured address/port: host.docker.internal:9001.
[2073] [Step Debug] WARN: Creating socket for 'host.docker.internal:9001', poll success, but error: Operation now in progress (29).
[2074] [Step Debug] WARN: Creating socket for 'host.docker.internal:9001', poll success, but error: Operation now in progress (29).
[2073] [Step Debug] ERR: Could not connect to debugging client. Tried: host.docker.internal:9001 (through xdebug.client_host/xdebug.client_port).
[2074] [Step Debug] ERR: Could not connect to debugging client. Tried: host.docker.internal:9001 (through xdebug.client_host/xdebug.client_port).
[2073] [Step Debug] INFO: Connecting to configured address/port: host.docker.internal:9001.
[2073] [Step Debug] WARN: Creating socket for 'host.docker.internal:9001', poll success, but error: Operation now in progress (29).
[2073] [Step Debug] ERR: Could not connect to debugging client. Tried: host.docker.internal:9001 (through xdebug.client_host/xdebug.client_port).
[2074] [Step Debug] INFO: Connecting to configured address/port: host.docker.internal:9001.
[2074] [Step Debug] WARN: Creating socket for 'host.docker.internal:9001', poll success, but error: Operation now in progress (29).
[2074] [Step Debug] ERR: Could not connect to debugging client. Tried: host.docker.internal:9001 (through xdebug.client_host/xdebug.client_port).
[2082] Log opened at 2025-09-28 10:29:47.767449
[2082] [Config] WARN: Not setting up control socket with default value due to unavailable 'tsc' clock
[2082] [Step Debug] INFO: Connecting to configured address/port: host.docker.internal:9001.
[2082] [Step Debug] WARN: Creating socket for 'host.docker.internal:9001', poll success, but error: Operation now in progress (29).
[2082] [Step Debug] ERR: Could not connect to debugging client. Tried: host.docker.internal:9001 (through xdebug.client_host/xdebug.client_port).
[2082] [Step Debug] INFO: Connecting to configured address/port: host.docker.internal:9001.
[2082] [Step Debug] WARN: Creating socket for 'host.docker.internal:9001', poll success, but error: Operation now in progress (29).
[2082] [Step Debug] ERR: Could not connect to debugging client. Tried: host.docker.internal:9001 (through xdebug.client_host/xdebug.client_port).
[2087] Log opened at 2025-09-28 10:29:47.994591
[2087] [Config] WARN: Not setting up control socket with default value due to unavailable 'tsc' clock
[2087] [Step Debug] INFO: Connecting to configured address/port: host.docker.internal:9001.
[2087] [Step Debug] WARN: Creating socket for 'host.docker.internal:9001', poll success, but error: Operation now in progress (29).
[2087] [Step Debug] ERR: Could not connect to debugging client. Tried: host.docker.internal:9001 (through xdebug.client_host/xdebug.client_port).
[2087] [Step Debug] INFO: Connecting to configured address/port: host.docker.internal:9001.
[2087] [Step Debug] WARN: Creating socket for 'host.docker.internal:9001', poll success, but error: Operation now in progress (29).
[2087] [Step Debug] ERR: Could not connect to debugging client. Tried: host.docker.internal:9001 (through xdebug.client_host/xdebug.client_port).
[2086] Log opened at 2025-09-28 10:29:48.156595
[2086] [Config] WARN: Not setting up control socket with default value due to unavailable 'tsc' clock
[2086] [Step Debug] INFO: Connecting to configured address/port: host.docker.internal:9001.
[2086] [Step Debug] WARN: Creating socket for 'host.docker.internal:9001', poll success, but error: Operation now in progress (29).
[2086] [Step Debug] ERR: Could not connect to debugging client. Tried: host.docker.internal:9001 (through xdebug.client_host/xdebug.client_port).
[2086] [Step Debug] INFO: Connecting to configured address/port: host.docker.internal:9001.
[2086] [Step Debug] WARN: Creating socket for 'host.docker.internal:9001', poll success, but error: Operation now in progress (29).
[2086] [Step Debug] ERR: Could not connect to debugging client. Tried: host.docker.internal:9001 (through xdebug.client_host/xdebug.client_port).
[2088] Log opened at 2025-09-28 10:29:48.345587
[2088] [Config] WARN: Not setting up control socket with default value due to unavailable 'tsc' clock
[2088] [Step Debug] INFO: Connecting to configured address/port: host.docker.internal:9001.
[2088] [Step Debug] WARN: Creating socket for 'host.docker.internal:9001', poll success, but error: Operation now in progress (29).
[2088] [Step Debug] ERR: Could not connect to debugging client. Tried: host.docker.internal:9001 (through xdebug.client_host/xdebug.client_port).
[2098] Log opened at 2025-09-28 10:29:48.456021
[2098] [Config] WARN: Not setting up control socket with default value due to unavailable 'tsc' clock
[2098] [Step Debug] INFO: Connecting to configured address/port: host.docker.internal:9001.
[2098] [Step Debug] WARN: Creating socket for 'host.docker.internal:9001', poll success, but error: Operation now in progress (29).
[2098] [Step Debug] ERR: Could not connect to debugging client. Tried: host.docker.internal:9001 (through xdebug.client_host/xdebug.client_port).
[2098] [Step Debug] INFO: Connecting to configured address/port: host.docker.internal:9001.
[2098] [Step Debug] WARN: Creating socket for 'host.docker.internal:9001', poll success, but error: Operation now in progress (29).
[2098] [Step Debug] ERR: Could not connect to debugging client. Tried: host.docker.internal:9001 (through xdebug.client_host/xdebug.client_port).
[2088] [Step Debug] INFO: Connecting to configured address/port: host.docker.internal:9001.
[2088] [Step Debug] WARN: Creating socket for 'host.docker.internal:9001', poll success, but error: Operation now in progress (29).
[2088] [Step Debug] ERR: Could not connect to debugging client. Tried: host.docker.internal:9001 (through xdebug.client_host/xdebug.client_port).
[2099] Log opened at 2025-09-28 10:29:49.022972
[2099] [Config] WARN: Not setting up control socket with default value due to unavailable 'tsc' clock
[2096] Log opened at 2025-09-28 10:29:49.021563
[2096] [Config] WARN: Not setting up control socket with default value due to unavailable 'tsc' clock
[2099] [Step Debug] INFO: Connecting to configured address/port: host.docker.internal:9001.
[2097] Log opened at 2025-09-28 10:29:49.046478
[2097] [Config] WARN: Not setting up control socket with default value due to unavailable 'tsc' clock
[2099] [Step Debug] WARN: Creating socket for 'host.docker.internal:9001', poll success, but error: Operation now in progress (29).
[2099] [Step Debug] ERR: Could not connect to debugging client. Tried: host.docker.internal:9001 (through xdebug.client_host/xdebug.client_port).
[2096] [Step Debug] INFO: Connecting to configured address/port: host.docker.internal:9001.
[2097] [Step Debug] INFO: Connecting to configured address/port: host.docker.internal:9001.
[2097] [Step Debug] WARN: Creating socket for 'host.docker.internal:9001', poll success, but error: Operation now in progress (29).
[2096] [Step Debug] WARN: Creating socket for 'host.docker.internal:9001', poll success, but error: Operation now in progress (29).
[2097] [Step Debug] ERR: Could not connect to debugging client. Tried: host.docker.internal:9001 (through xdebug.client_host/xdebug.client_port).
[2096] [Step Debug] ERR: Could not connect to debugging client. Tried: host.docker.internal:9001 (through xdebug.client_host/xdebug.client_port).
[2099] [Step Debug] INFO: Connecting to configured address/port: host.docker.internal:9001.
[2099] [Step Debug] WARN: Creating socket for 'host.docker.internal:9001', poll success, but error: Operation now in progress (29).
[2099] [Step Debug] ERR: Could not connect to debugging client. Tried: host.docker.internal:9001 (through xdebug.client_host/xdebug.client_port).
[2115] Log opened at 2025-09-28 10:29:49.159929
[2115] [Config] WARN: Not setting up control socket with default value due to unavailable 'tsc' clock
[2097] [Step Debug] INFO: Connecting to configured address/port: host.docker.internal:9001.
[2115] [Step Debug] INFO: Connecting to configured address/port: host.docker.internal:9001.
[2097] [Step Debug] WARN: Creating socket for 'host.docker.internal:9001', poll success, but error: Operation now in progress (29).
[2097] [Step Debug] ERR: Could not connect to debugging client. Tried: host.docker.internal:9001 (through xdebug.client_host/xdebug.client_port).
[2115] [Step Debug] WARN: Creating socket for 'host.docker.internal:9001', poll success, but error: Operation now in progress (29).
[2115] [Step Debug] ERR: Could not connect to debugging client. Tried: host.docker.internal:9001 (through xdebug.client_host/xdebug.client_port).
[2096] [Step Debug] INFO: Connecting to configured address/port: host.docker.internal:9001.
[2096] [Step Debug] WARN: Creating socket for 'host.docker.internal:9001', poll success, but error: Operation now in progress (29).
[2096] [Step Debug] ERR: Could not connect to debugging client. Tried: host.docker.internal:9001 (through xdebug.client_host/xdebug.client_port).
[2115] [Step Debug] INFO: Connecting to configured address/port: host.docker.internal:9001.
[2115] [Step Debug] WARN: Creating socket for 'host.docker.internal:9001', poll success, but error: Operation now in progress (29).
[2115] [Step Debug] ERR: Could not connect to debugging client. Tried: host.docker.internal:9001 (through xdebug.client_host/xdebug.client_port).
[2104] Log opened at 2025-09-28 10:29:49.337015
[2104] [Config] WARN: Not setting up control socket with default value due to unavailable 'tsc' clock
[2104] [Step Debug] INFO: Connecting to configured address/port: host.docker.internal:9001.
[2104] [Step Debug] WARN: Creating socket for 'host.docker.internal:9001', poll success, but error: Operation now in progress (29).
[2104] [Step Debug] ERR: Could not connect to debugging client. Tried: host.docker.internal:9001 (through xdebug.client_host/xdebug.client_port).
[2107] Log opened at 2025-09-28 10:29:49.405914
[2107] [Config] WARN: Not setting up control socket with default value due to unavailable 'tsc' clock
[2107] [Step Debug] INFO: Connecting to configured address/port: host.docker.internal:9001.
[2107] [Step Debug] WARN: Creating socket for 'host.docker.internal:9001', poll success, but error: Operation now in progress (29).
[2107] [Step Debug] ERR: Could not connect to debugging client. Tried: host.docker.internal:9001 (through xdebug.client_host/xdebug.client_port).
[2107] [Step Debug] INFO: Connecting to configured address/port: host.docker.internal:9001.
[2107] [Step Debug] WARN: Creating socket for 'host.docker.internal:9001', poll success, but error: Operation now in progress (29).
[2107] [Step Debug] ERR: Could not connect to debugging client. Tried: host.docker.internal:9001 (through xdebug.client_host/xdebug.client_port).
[2104] [Step Debug] INFO: Connecting to configured address/port: host.docker.internal:9001.
[2104] [Step Debug] WARN: Creating socket for 'host.docker.internal:9001', poll success, but error: Operation now in progress (29).
[2104] [Step Debug] ERR: Could not connect to debugging client. Tried: host.docker.internal:9001 (through xdebug.client_host/xdebug.client_port).
[2109] Log opened at 2025-09-28 10:29:49.742516
[2109] [Config] WARN: Not setting up control socket with default value due to unavailable 'tsc' clock
[2101] Log opened at 2025-09-28 10:29:49.728537
[2101] [Config] WARN: Not setting up control socket with default value due to unavailable 'tsc' clock
[2109] [Step Debug] INFO: Connecting to configured address/port: host.docker.internal:9001.
[2109] [Step Debug] WARN: Creating socket for 'host.docker.internal:9001', poll success, but error: Operation now in progress (29).
[2109] [Step Debug] ERR: Could not connect to debugging client. Tried: host.docker.internal:9001 (through xdebug.client_host/xdebug.client_port).
[2101] [Step Debug] INFO: Connecting to configured address/port: host.docker.internal:9001.
[2101] [Step Debug] WARN: Creating socket for 'host.docker.internal:9001', poll success, but error: Operation now in progress (29).
[2101] [Step Debug] ERR: Could not connect to debugging client. Tried: host.docker.internal:9001 (through xdebug.client_host/xdebug.client_port).
[2109] [Step Debug] INFO: Connecting to configured address/port: host.docker.internal:9001.
[2109] [Step Debug] WARN: Creating socket for 'host.docker.internal:9001', poll success, but error: Operation now in progress (29).
[2109] [Step Debug] ERR: Could not connect to debugging client. Tried: host.docker.internal:9001 (through xdebug.client_host/xdebug.client_port).
[2101] [Step Debug] INFO: Connecting to configured address/port: host.docker.internal:9001.
[2101] [Step Debug] WARN: Creating socket for 'host.docker.internal:9001', poll success, but error: Operation now in progress (29).
[2101] [Step Debug] ERR: Could not connect to debugging client. Tried: host.docker.internal:9001 (through xdebug.client_host/xdebug.client_port).
[2112] Log opened at 2025-09-28 10:29:49.943237
[2112] [Config] WARN: Not setting up control socket with default value due to unavailable 'tsc' clock
[2117] Log opened at 2025-09-28 10:29:49.919927
[2117] [Config] WARN: Not setting up control socket with default value due to unavailable 'tsc' clock
[2117] [Step Debug] INFO: Connecting to configured address/port: host.docker.internal:9001.
[2112] [Step Debug] INFO: Connecting to configured address/port: host.docker.internal:9001.
[2117] [Step Debug] WARN: Creating socket for 'host.docker.internal:9001', poll success, but error: Operation now in progress (29).
[2117] [Step Debug] ERR: Could not connect to debugging client. Tried: host.docker.internal:9001 (through xdebug.client_host/xdebug.client_port).
[2112] [Step Debug] WARN: Creating socket for 'host.docker.internal:9001', poll success, but error: Operation now in progress (29).
[2112] [Step Debug] ERR: Could not connect to debugging client. Tried: host.docker.internal:9001 (through xdebug.client_host/xdebug.client_port).
[2119] Log opened at 2025-09-28 10:29:50.009716
[2119] [Config] WARN: Not setting up control socket with default value due to unavailable 'tsc' clock
[2119] [Step Debug] INFO: Connecting to configured address/port: host.docker.internal:9001.
[2119] [Step Debug] WARN: Creating socket for 'host.docker.internal:9001', poll success, but error: Operation now in progress (29).
[2119] [Step Debug] ERR: Could not connect to debugging client. Tried: host.docker.internal:9001 (through xdebug.client_host/xdebug.client_port).
[2117] [Step Debug] INFO: Connecting to configured address/port: host.docker.internal:9001.
[2117] [Step Debug] WARN: Creating socket for 'host.docker.internal:9001', poll success, but error: Operation now in progress (29).
[2117] [Step Debug] ERR: Could not connect to debugging client. Tried: host.docker.internal:9001 (through xdebug.client_host/xdebug.client_port).
[2112] [Step Debug] INFO: Connecting to configured address/port: host.docker.internal:9001.
[2119] [Step Debug] INFO: Connecting to configured address/port: host.docker.internal:9001.
[2119] [Step Debug] WARN: Creating socket for 'host.docker.internal:9001', poll success, but error: Operation now in progress (29).
[2119] [Step Debug] ERR: Could not connect to debugging client. Tried: host.docker.internal:9001 (through xdebug.client_host/xdebug.client_port).
[2112] [Step Debug] WARN: Creating socket for 'host.docker.internal:9001', poll success, but error: Operation now in progress (29).
[2112] [Step Debug] ERR: Could not connect to debugging client. Tried: host.docker.internal:9001 (through xdebug.client_host/xdebug.client_port).
[2118] Log opened at 2025-09-28 10:29:50.220126
[2118] [Config] WARN: Not setting up control socket with default value due to unavailable 'tsc' clock
[2118] [Step Debug] INFO: Connecting to configured address/port: host.docker.internal:9001.
[2118] [Step Debug] WARN: Creating socket for 'host.docker.internal:9001', poll success, but error: Operation now in progress (29).
[2118] [Step Debug] ERR: Could not connect to debugging client. Tried: host.docker.internal:9001 (through xdebug.client_host/xdebug.client_port).
[2118] [Step Debug] INFO: Connecting to configured address/port: host.docker.internal:9001.
[2118] [Step Debug] WARN: Creating socket for 'host.docker.internal:9001', poll success, but error: Operation now in progress (29).
[2118] [Step Debug] ERR: Could not connect to debugging client. Tried: host.docker.internal:9001 (through xdebug.client_host/xdebug.client_port).
[2073] Log closed at 2025-09-28 10:29:50.632976

[2074] Log closed at 2025-09-28 10:29:50.955016

[2137] Log opened at 2025-09-28 10:29:51.472978
[2137] [Config] WARN: Not setting up control socket with default value due to unavailable 'tsc' clock
[2137] [Step Debug] INFO: Connecting to configured address/port: host.docker.internal:9001.
[2137] [Step Debug] WARN: Creating socket for 'host.docker.internal:9001', poll success, but error: Operation now in progress (29).
[2137] [Step Debug] ERR: Could not connect to debugging client. Tried: host.docker.internal:9001 (through xdebug.client_host/xdebug.client_port).
[2137] [Step Debug] INFO: Connecting to configured address/port: host.docker.internal:9001.
[2137] [Step Debug] WARN: Creating socket for 'host.docker.internal:9001', poll success, but error: Operation now in progress (29).
[2137] [Step Debug] ERR: Could not connect to debugging client. Tried: host.docker.internal:9001 (through xdebug.client_host/xdebug.client_port).
[2136] Log opened at 2025-09-28 10:29:51.976414
[2136] [Config] WARN: Not setting up control socket with default value due to unavailable 'tsc' clock
[2136] [Step Debug] INFO: Connecting to configured address/port: host.docker.internal:9001.
[2136] [Step Debug] WARN: Creating socket for 'host.docker.internal:9001', poll success, but error: Operation now in progress (29).
[2136] [Step Debug] ERR: Could not connect to debugging client. Tried: host.docker.internal:9001 (through xdebug.client_host/xdebug.client_port).
[2136] [Step Debug] INFO: Connecting to configured address/port: host.docker.internal:9001.
[2136] [Step Debug] WARN: Creating socket for 'host.docker.internal:9001', poll success, but error: Operation now in progress (29).
[2136] [Step Debug] ERR: Could not connect to debugging client. Tried: host.docker.internal:9001 (through xdebug.client_host/xdebug.client_port).
[2138] Log opened at 2025-09-28 10:29:52.374693
[2138] [Config] WARN: Not setting up control socket with default value due to unavailable 'tsc' clock
[2138] [Step Debug] INFO: Connecting to configured address/port: host.docker.internal:9001.
[2139] Log opened at 2025-09-28 10:29:52.439533
[2139] [Config] WARN: Not setting up control socket with default value due to unavailable 'tsc' clock
[2138] [Step Debug] WARN: Creating socket for 'host.docker.internal:9001', poll success, but error: Operation now in progress (29).
[2138] [Step Debug] ERR: Could not connect to debugging client. Tried: host.docker.internal:9001 (through xdebug.client_host/xdebug.client_port).
[2139] [Step Debug] INFO: Connecting to configured address/port: host.docker.internal:9001.
[2139] [Step Debug] WARN: Creating socket for 'host.docker.internal:9001', poll success, but error: Operation now in progress (29).
[2139] [Step Debug] ERR: Could not connect to debugging client. Tried: host.docker.internal:9001 (through xdebug.client_host/xdebug.client_port).
[2063] Log closed at 2025-09-28 10:29:52.530784

[2139] [Step Debug] INFO: Connecting to configured address/port: host.docker.internal:9001.
[2138] [Step Debug] INFO: Connecting to configured address/port: host.docker.internal:9001.
[2139] [Step Debug] WARN: Creating socket for 'host.docker.internal:9001', poll success, but error: Operation now in progress (29).
[2139] [Step Debug] ERR: Could not connect to debugging client. Tried: host.docker.internal:9001 (through xdebug.client_host/xdebug.client_port).
[2138] [Step Debug] WARN: Creating socket for 'host.docker.internal:9001', poll success, but error: Operation now in progress (29).
[2138] [Step Debug] ERR: Could not connect to debugging client. Tried: host.docker.internal:9001 (through xdebug.client_host/xdebug.client_port).
[2046] Log closed at 2025-09-28 10:29:52.876932

[2082] Log closed at 2025-09-28 10:29:55.651277

[2088] Log closed at 2025-09-28 10:29:55.677482

[2117] Log closed at 2025-09-28 10:29:56.279054

[2109] Log closed at 2025-09-28 10:29:56.332520

[2098] Log closed at 2025-09-28 10:29:56.549239

[2086] Log closed at 2025-09-28 10:29:56.620618

[2096] Log closed at 2025-09-28 10:29:56.622247

[2107] Log closed at 2025-09-28 10:29:56.667105

[2087] Log closed at 2025-09-28 10:29:58.682653

[2104] Log closed at 2025-09-28 10:29:59.044435

[2099] Log closed at 2025-09-28 10:29:59.348297

[2097] Log closed at 2025-09-28 10:29:59.603165

[2115] Log closed at 2025-09-28 10:29:59.668308

[2112] Log closed at 2025-09-28 10:29:59.713053

[2119] Log closed at 2025-09-28 10:29:59.890083

[2101] Log closed at 2025-09-28 10:29:59.939014

[2118] Log closed at 2025-09-28 10:29:59.956846

[2137] Log closed at 2025-09-28 10:30:00.190199

[2139] Log closed at 2025-09-28 10:30:00.269372

[2138] Log closed at 2025-09-28 10:30:00.332090

[2136] Log closed at 2025-09-28 10:30:00.354449

[85] Log opened at 2025-09-28 10:30:21.658685
[85] [Step Debug] INFO: Connecting to configured address/port: host.docker.internal:9001.
[85] [Step Debug] WARN: Creating socket for 'host.docker.internal:9001', poll success, but error: Operation now in progress (29).
[85] [Step Debug] ERR: Could not connect to debugging client. Tried: host.docker.internal:9001 (through xdebug.client_host/xdebug.client_port).
[85] [Step Debug] INFO: Connecting to configured address/port: host.docker.internal:9001.
[85] [Step Debug] WARN: Creating socket for 'host.docker.internal:9001', poll success, but error: Operation now in progress (29).
[85] [Step Debug] ERR: Could not connect to debugging client. Tried: host.docker.internal:9001 (through xdebug.client_host/xdebug.client_port).
[85] Log closed at 2025-09-28 10:30:21.896199

[2186] Log opened at 2025-09-28 10:31:00.429013
[2186] [Config] WARN: Not setting up control socket with default value due to unavailable 'tsc' clock
[2186] [Step Debug] INFO: Connecting to configured address/port: host.docker.internal:9001.
[2186] [Step Debug] WARN: Creating socket for 'host.docker.internal:9001', poll success, but error: Operation now in progress (29).
[2186] [Step Debug] ERR: Could not connect to debugging client. Tried: host.docker.internal:9001 (through xdebug.client_host/xdebug.client_port).
[2186] [Step Debug] INFO: Connecting to configured address/port: host.docker.internal:9001.
[2186] [Step Debug] WARN: Creating socket for 'host.docker.internal:9001', poll success, but error: Operation now in progress (29).
[2186] [Step Debug] ERR: Could not connect to debugging client. Tried: host.docker.internal:9001 (through xdebug.client_host/xdebug.client_port).
[2203] Log opened at 2025-09-28 10:31:02.607633
[2203] [Config] WARN: Not setting up control socket with default value due to unavailable 'tsc' clock
[2203] [Step Debug] INFO: Connecting to configured address/port: host.docker.internal:9001.
[2203] [Step Debug] WARN: Creating socket for 'host.docker.internal:9001', poll success, but error: Operation now in progress (29).
[2203] [Step Debug] ERR: Could not connect to debugging client. Tried: host.docker.internal:9001 (through xdebug.client_host/xdebug.client_port).
[2203] [Step Debug] INFO: Connecting to configured address/port: host.docker.internal:9001.
[2203] [Step Debug] WARN: Creating socket for 'host.docker.internal:9001', poll success, but error: Operation now in progress (29).
[2203] [Step Debug] ERR: Could not connect to debugging client. Tried: host.docker.internal:9001 (through xdebug.client_host/xdebug.client_port).
[2214] Log opened at 2025-09-28 10:31:03.676233
[2214] [Config] WARN: Not setting up control socket with default value due to unavailable 'tsc' clock
[2213] Log opened at 2025-09-28 10:31:03.672848
[2213] [Config] WARN: Not setting up control socket with default value due to unavailable 'tsc' clock
[2214] [Step Debug] INFO: Connecting to configured address/port: host.docker.internal:9001.
[2214] [Step Debug] WARN: Creating socket for 'host.docker.internal:9001', poll success, but error: Operation now in progress (29).
[2214] [Step Debug] ERR: Could not connect to debugging client. Tried: host.docker.internal:9001 (through xdebug.client_host/xdebug.client_port).
[2213] [Step Debug] INFO: Connecting to configured address/port: host.docker.internal:9001.
[2213] [Step Debug] WARN: Creating socket for 'host.docker.internal:9001', poll success, but error: Operation now in progress (29).
[2213] [Step Debug] ERR: Could not connect to debugging client. Tried: host.docker.internal:9001 (through xdebug.client_host/xdebug.client_port).
[2214] [Step Debug] INFO: Connecting to configured address/port: host.docker.internal:9001.
[2214] [Step Debug] WARN: Creating socket for 'host.docker.internal:9001', poll success, but error: Operation now in progress (29).
[2214] [Step Debug] ERR: Could not connect to debugging client. Tried: host.docker.internal:9001 (through xdebug.client_host/xdebug.client_port).
[2213] [Step Debug] INFO: Connecting to configured address/port: host.docker.internal:9001.
[2213] [Step Debug] WARN: Creating socket for 'host.docker.internal:9001', poll success, but error: Operation now in progress (29).
[2213] [Step Debug] ERR: Could not connect to debugging client. Tried: host.docker.internal:9001 (through xdebug.client_host/xdebug.client_port).
[2214] Log closed at 2025-09-28 10:31:04.693754

[2213] Log closed at 2025-09-28 10:31:04.715234

[2203] Log closed at 2025-09-28 10:31:04.844532

[2186] Log closed at 2025-09-28 10:31:12.226308

[2245] Log opened at 2025-09-28 10:32:08.753802
[2245] [Config] WARN: Not setting up control socket with default value due to unavailable 'tsc' clock
[2245] [Step Debug] INFO: Connecting to configured address/port: host.docker.internal:9001.
[2245] [Step Debug] WARN: Creating socket for 'host.docker.internal:9001', poll success, but error: Operation now in progress (29).
[2245] [Step Debug] ERR: Could not connect to debugging client. Tried: host.docker.internal:9001 (through xdebug.client_host/xdebug.client_port).
[2245] [Step Debug] INFO: Connecting to configured address/port: host.docker.internal:9001.
[2245] [Step Debug] WARN: Creating socket for 'host.docker.internal:9001', poll success, but error: Operation now in progress (29).
[2245] [Step Debug] ERR: Could not connect to debugging client. Tried: host.docker.internal:9001 (through xdebug.client_host/xdebug.client_port).
[2262] Log opened at 2025-09-28 10:32:10.852291
[2262] [Config] WARN: Not setting up control socket with default value due to unavailable 'tsc' clock
[2262] [Step Debug] INFO: Connecting to configured address/port: host.docker.internal:9001.
[2262] [Step Debug] WARN: Creating socket for 'host.docker.internal:9001', poll success, but error: Operation now in progress (29).
[2262] [Step Debug] ERR: Could not connect to debugging client. Tried: host.docker.internal:9001 (through xdebug.client_host/xdebug.client_port).
[2262] [Step Debug] INFO: Connecting to configured address/port: host.docker.internal:9001.
[2262] [Step Debug] WARN: Creating socket for 'host.docker.internal:9001', poll success, but error: Operation now in progress (29).
[2262] [Step Debug] ERR: Could not connect to debugging client. Tried: host.docker.internal:9001 (through xdebug.client_host/xdebug.client_port).
[2273] Log opened at 2025-09-28 10:32:11.888781
[2272] Log opened at 2025-09-28 10:32:11.893299
[2272] [Config] WARN: Not setting up control socket with default value due to unavailable 'tsc' clock
[2273] [Config] WARN: Not setting up control socket with default value due to unavailable 'tsc' clock
[2272] [Step Debug] INFO: Connecting to configured address/port: host.docker.internal:9001.
[2272] [Step Debug] WARN: Creating socket for 'host.docker.internal:9001', poll success, but error: Operation now in progress (29).
[2273] [Step Debug] INFO: Connecting to configured address/port: host.docker.internal:9001.
[2272] [Step Debug] ERR: Could not connect to debugging client. Tried: host.docker.internal:9001 (through xdebug.client_host/xdebug.client_port).
[2273] [Step Debug] WARN: Creating socket for 'host.docker.internal:9001', poll success, but error: Operation now in progress (29).
[2273] [Step Debug] ERR: Could not connect to debugging client. Tried: host.docker.internal:9001 (through xdebug.client_host/xdebug.client_port).
[2272] [Step Debug] INFO: Connecting to configured address/port: host.docker.internal:9001.
[2272] [Step Debug] WARN: Creating socket for 'host.docker.internal:9001', poll success, but error: Operation now in progress (29).
[2272] [Step Debug] ERR: Could not connect to debugging client. Tried: host.docker.internal:9001 (through xdebug.client_host/xdebug.client_port).
[2273] [Step Debug] INFO: Connecting to configured address/port: host.docker.internal:9001.
[2273] [Step Debug] WARN: Creating socket for 'host.docker.internal:9001', poll success, but error: Operation now in progress (29).
[2273] [Step Debug] ERR: Could not connect to debugging client. Tried: host.docker.internal:9001 (through xdebug.client_host/xdebug.client_port).
[2272] Log closed at 2025-09-28 10:32:12.824477

[2273] Log closed at 2025-09-28 10:32:12.868482

[2262] Log closed at 2025-09-28 10:32:12.978117

[2245] Log closed at 2025-09-28 10:32:20.522878

[86] Log opened at 2025-09-28 10:39:45.922472
[86] [Step Debug] INFO: Connecting to configured address/port: host.docker.internal:9001.
[86] [Step Debug] WARN: Creating socket for 'host.docker.internal:9001', poll success, but error: Operation now in progress (29).
[86] [Step Debug] ERR: Could not connect to debugging client. Tried: host.docker.internal:9001 (through xdebug.client_host/xdebug.client_port).
[86] [Step Debug] INFO: Connecting to configured address/port: host.docker.internal:9001.
[86] [Step Debug] WARN: Creating socket for 'host.docker.internal:9001', poll success, but error: Operation now in progress (29).
[86] [Step Debug] ERR: Could not connect to debugging client. Tried: host.docker.internal:9001 (through xdebug.client_host/xdebug.client_port).
[86] Log closed at 2025-09-28 10:39:46.129182

